---
  0 debug pnpm:scope: 
    selected: 1
    workspacePrefix: null
  1 info pnpm: 
    message: "A store server is running. All store manipulations are delegated to it."
    prefix: "/app"
  2 debug pnpm:package-json: 
    initial: 
      //1: "Discord bot altyapı!"
      //2: "https://docs.npmjs.com/files/package.json"
      //3: "Discord hazır altyapı"
      name: "hello-express"
      version: "0.0.1"
      description: "Glitch Discord Botu."
      main: "bot.js"
      scripts: 
        start: "node bot.js"
      dependencies: 
        canvacord: "^5.2.3"
        cheerio: "^1.0.0-rc.10"
        common-tags: "^1.8.2"
        croxydb: "0.0.7"
        currency-converter-lt: "^1.3.0"
        discord-buttons: "^4.0.0-deprecated"
        discord.js: "^12.5.1"
        express: "^4.18.1"
        figlet: "^1.5.0"
        fs: "0.0.1-security"
        humanize-duration: "^3.27.1"
        jimp: "^0.16.1"
        lowdb: "^3.0.0"
        moment: "^2.29.3"
        moment-duration-format: "^2.3.2"
        moment-timezone: "^0.5.34"
        ms: "^2.1.3"
        no-key-hypixel-api: "^1.1.8"
        node-fetch: "^2.6.5"
        node-superfetch: "^0.2.3"
        novelcovid: "^3.0.2"
        opgg-scrape: "^1.0.3"
        parse-ms: "^3.0.0"
        quick.db: "^7.1.3"
        rainbow-six-api: "^1.0.1"
        request: "^2.88.2"
        simple-youtube-api: "^5.2.1"
        snekfetch: "^4.0.4"
        tcmb-doviz: "^1.1.2"
        wio.db: "^4.0.22"
        ytdl-core: "^4.11.0"
      engines: 
        node: "12.x"
      repository: 
        url: "https://glitch.com/edit/#!/hello-express"
      license: "MIT"
      keywords: 
        - "node"
        - "glitch"
        - "express"
      readme: "# ALTYAPI Bilgileri;\n\n\n\nDiğer Altyapılar!\n=================\n[Ayarlanabilen Emoji ile Rol Verme Altyapısı](https://www.youtube.com/watch?v=c715ki9tV8g)\n\n[Kayıt Botu Altyapısı](https://www.youtube.com/watch?v=0ciAxO0k35g)\n\n[Müzik Botu Altyapısı](https://youtu.be/tJIDkr2gtpQ)\n\n[Davet Botu Altyapısı](https://www.youtube.com/watch?v=FsYR6egP0PU)\n\n[Captcha Botu Altyapısı](https://youtu.be/3UQMNEuLY64)\n\n[Slash Bot Altyapısı](https://youtu.be/ZKjBYsFnYls)\n\n[Yönetim Panelli Bot Altyapısı](https://github.com/EmirhanSarac/discord-bot-dashboard)\n\nBasit Hatalar ve Çözümleri!\n=================\n1 • Eğer hatanız;\n`Cannot find module 'blabla'`\nşeklindeyse modül kurmanız gerekmektedir.\nModül kurmak için konsolu açıp `npm i blabla` yazınız.\nGlitch kullanıyorsanız basit kurulum yolu;\n1 • Package.json'a girin.\n2 • Yukarıdan Add Package basın.\n3 • İnmesi gereken paket ismini yazın ve çıkana basın.\nbaşarılı! \n\n2 • Eğer hatanız;\n`ayarlar is not defined:`\nşeklindeyse hatayı aldığınız komutun en üstüne alttaki kodu girmeniz gerekli:\n`const ayarlar = require('../ayarlar.json')`\n yazın, sorun çözülecektir.\n \n\n 3 • Eğer hatanız;\n`SyntaxError: Unexpected token };`\nTarzında bir hata alıyorsanız, açıp kapatmadığınız veya kapatıp açmadığın bir paranteziniz vardır demek. Çözmek için hata oluşmadan önce en son eklediğiniz komuta bi' göz gezdirmek. Sorunu bulduğunuz zaman parantezleri düzelttiğinizde sorunda ortadan kalkar.\n \n4 • Eğer hatanız; \n`(node:6660) UnhandlePromiseRejectionWarning: Error: Incorrect login details were provided.`\nTarzında ki bir token hatasında yapmanız gereken tek şey, https://discord.com/developers/applications sayfasına girip botunuza giriş yapmak, tokeninizi oradan kopyalayıp projenizde ki token gerektiren yere doğru bir şekilde \"\" içinde yapıştırın.\n \n5 • Eğer hatanız; \n`fields.flat is not a function`\nİse Node versiyonunuzu 12x yapın.\n \n6 • Eğer Hatanız;\n`(node:223) UnhandledPromiseRejectionWarning: TypeError: Cannot read property 'id' of null`\nŞeklindeyse `if (!message.guild) return;` Komutun Başına Yazarak Çözebilirsiniz\n\n7 • Eğer Hatanız;\n`TypeError: Cannot read property 'send' of undefined`\nŞeklindeyse Bot mesajı atacak bir kanalı bulamayınca yukarıda ki hatayı verir. Log kısmına bakıp hangi komutta hangi kanalın ayarlı olmadığını kontrol edin.\n\n8 • Eğer Hatanız;\n`maxListeners`\n Hatanız da yukarıda ki gibi maxListeners geçiyor ise main dosyanızın bir bölümüne `client.setMaxListeners(30)` yazın. Sorun çözülecektir, çözülmez ise fazla client.on eventlerini silin.\n \n9 • Eğer Hatanız;\n`DeprecationWarning:TextChannel#sendEmbed: use TextChannel#send instead`\nBu uyarıyı verdiği zaman `<channel>.sendEmbed` eventini `<channel>.send` yapmanız gerekir\n\n10 • Eğer Böyle Bir Yazı Alıyorsanız;\n`DeprecationWarning: Collection#find: pass a function instead`\nBu bir hata değil uyarıdır yapmanız gereken;\n`<collection>.find('name', 'isim')`\nKodlarını\n`<collection>.find(x => x.name == 'name')`\nŞeklinde kullanırsanız sorun düzelecektir (Örnektir.)\n\n 11 • Eğer Hatanız;\n`UnhandledPromiseRejectionWarning: DiscordAPIError: Missing Permissions`\nBu şekilde bir hata alıyorsanız bota uygulatmaya çalıştırdığınız işleme botun yetkisi yetmiyordur vereceğim kodu main dosyanıza atarak sorunu çözebilirsiniz.\n \n 12 • Eğer Hatanız;\n`Something took to long to do` \nBu hatanın nedeni: Bir gün içerisinde 1000 defa botunuz tokene bağlantı kurduğu halinde veya Glitch, Heroku vb. sitelerde kullanıyorsanız bazenleri bu sitelerde 'tokeni kötüye kullanan' IP Ban yiyor ve çoğu proje remixleseniz dahi token ban yiyor. \nÇözümü: 1-2 gün civarı bu böyle devam edebilir. İP Ban yemiş projeyi bulmanız gerek bu projeyi bulduğunuzda remixleyin hatanız düzelir.\n \n\n`İyi Kullanımlar!`"
      readmeFilename: "README.md"
      gitHead: "a841b03b04a437f9d65c75274ba04fefdda84454"
      _id: "hello-express@0.0.1"
    prefix: "/app"
  3 warn pnpm: 
    message: "Moving canvacord that was installed by a different package manager to \"node_modules/.ignored"
    prefix: "/app"
  4 error pnpm: 
    message: 
      errno: -39
      code: "ENOTEMPTY"
      syscall: "rename"
      path: "/rbd/pnpm-volume/683ccd14-9185-4976-9a40-5e035f9ef770/node_modules/canvacord"
      dest: "/rbd/pnpm-volume/683ccd14-9185-4976-9a40-5e035f9ef770/node_modules/.ignored/canvacord"
    err: 
      name: "Error"
      message: "ENOTEMPTY: directory not empty, rename '/rbd/pnpm-volume/683ccd14-9185-4976-9a40-5e035f9ef770/node_modules/canvacord' -> '/rbd/pnpm-volume/683ccd14-9185-4976-9a40-5e035f9ef770/node_modules/.ignored/canvacord'"
      code: "ENOTEMPTY"
      stack: "Error: ENOTEMPTY: directory not empty, rename '/rbd/pnpm-volume/683ccd14-9185-4976-9a40-5e035f9ef770/node_modules/canvacord' -> '/rbd/pnpm-volume/683ccd14-9185-4976-9a40-5e035f9ef770/node_modules/.ignored/canvacord'"
